Loaded module: studio/12u6
Architecture:          x86_64
CPU op-mode(s):        32-bit, 64-bit
Byte Order:            Little Endian
CPU(s):                24
On-line CPU(s) list:   0-23
Thread(s) per core:    1
Core(s) per socket:    12
Socket(s):             2
NUMA node(s):          2
Vendor ID:             GenuineIntel
CPU family:            6
Model:                 79
Model name:            Intel(R) Xeon(R) CPU E5-2650 v4 @ 2.20GHz
Stepping:              1
CPU MHz:               2200.000
CPU max MHz:           2900.0000
CPU min MHz:           1200.0000
BogoMIPS:              4389.90
Virtualization:        VT-x
L1d cache:             32K
L1i cache:             32K
L2 cache:              256K
L3 cache:              30720K
NUMA node0 CPU(s):     0-11
NUMA node1 CPU(s):     12-23
Flags:                 fpu vme de pse tsc msr pae mce cx8 apic sep mtrr pge mca cmov pat pse36 clflush dts acpi mmx fxsr sse sse2 ss ht tm pbe syscall nx pdpe1gb rdtscp lm constant_tsc arch_perfmon pebs bts rep_good nopl xtopology nonstop_tsc aperfmperf eagerfpu pni pclmulqdq dtes64 ds_cpl vmx smx est tm2 ssse3 sdbg fma cx16 xtpr pdcm pcid dca sse4_1 sse4_2 x2apic movbe popcnt tsc_deadline_timer aes xsave avx f16c rdrand lahf_lm abm 3dnowprefetch epb cat_l3 cdp_l3 invpcid_single intel_ppin intel_pt ssbd ibrs ibpb stibp tpr_shadow vnmi flexpriority ept vpid fsgsbase tsc_adjust bmi1 hle avx2 smep bmi2 erms invpcid rtm cqm rdt_a rdseed adx smap xsaveopt cqm_llc cqm_occup_llc cqm_mbm_total cqm_mbm_local dtherm ida arat pln pts md_clear spec_ctrl intel_stibp flush_l1d
/zhome/49/2/161240/.lsbatch/1641501674.11987145.shell: line 69: fg: no job control
Creating experiment database collector.mnk100.er (Process ID: 26570) ...
   234.375   1413.904 0 # matmult_mnk
Creating experiment database collector.mnk200.er (Process ID: 26627) ...
   937.500   1245.057 0 # matmult_mnk
Creating experiment database collector.mnk500.er (Process ID: 26671) ...
  5859.375   1141.090 0 # matmult_mnk
Creating experiment database collector.mkn100.er (Process ID: 26886) ...
   234.375   1969.824 0 # matmult_mkn
Creating experiment database collector.mkn200.er (Process ID: 26920) ...
   937.500   2159.561 0 # matmult_mkn
Creating experiment database collector.mkn500.er (Process ID: 26958) ...
  5859.375   2303.023 0 # matmult_mkn
Creating experiment database collector.nmk100.er (Process ID: 27085) ...
   234.375   1426.412 0 # matmult_nmk
Creating experiment database collector.nmk200.er (Process ID: 27118) ...
   937.500   1293.784 0 # matmult_nmk
Creating experiment database collector.nmk500.er (Process ID: 27161) ...
  5859.375   1216.208 0 # matmult_nmk
Creating experiment database collector.nkm100.er (Process ID: 27372) ...
   234.375   1313.558 0 # matmult_nkm
Creating experiment database collector.nkm200.er (Process ID: 27406) ...
   937.500    979.950 0 # matmult_nkm
Creating experiment database collector.nkm500.er (Process ID: 27454) ...
  5859.375    500.532 0 # matmult_nkm
Creating experiment database collector.kmn100.er (Process ID: 27909) ...
   234.375   1986.585 0 # matmult_kmn
Creating experiment database collector.kmn200.er (Process ID: 27942) ...
   937.500   2071.022 0 # matmult_kmn
Creating experiment database collector.kmn500.er (Process ID: 27981) ...
  5859.375   2235.477 0 # matmult_kmn
Creating experiment database collector.knm100.er (Process ID: 28143) ...
   234.375   1335.640 0 # matmult_knm
Creating experiment database collector.knm200.er (Process ID: 28176) ...
   937.500    966.577 0 # matmult_knm
Creating experiment database collector.knm500.er (Process ID: 28223) ...
  5859.375    495.950 0 # matmult_knm
Creating experiment database collector.lib100.er (Process ID: 28688) ...
   234.375   6853.211 0 # matmult_lib
Creating experiment database collector.lib200.er (Process ID: 28700) ...
   937.500   8110.781 0 # matmult_lib
Creating experiment database collector.lib500.er (Process ID: 28755) ...
  5859.375   8292.823 0 # matmult_lib

------------------------------------------------------------
Sender: LSF System <lsfadmin@hpc.dtu.dk>
Subject: Job 11987145: <collector> in cluster <dcc> Done

Job <collector> was submitted from host <n-62-27-21> by user <s211094> in cluster <dcc> at Thu Jan  6 21:41:14 2022
Job was executed on host(s) <n-62-21-77>, in queue <hpcintro>, as user <s211094> in cluster <dcc> at Thu Jan  6 21:41:16 2022
</zhome/49/2/161240> was used as the home directory.
</zhome/49/2/161240/HPC-Assignment1> was used as the working directory.
Started at Thu Jan  6 21:41:16 2022
Terminated at Thu Jan  6 22:11:07 2022
Results reported at Thu Jan  6 22:11:07 2022

Your job looked like:

------------------------------------------------------------
# LSBATCH: User input
#!/bin/bash
# 02614 - High-Performance Computing, January 2022
# 
# batch script to run collect on a decidated server in the hpcintro
# queue
#
# Author: Bernd Dammann <bd@cc.dtu.dk>
#
#BSUB -J collector
#BSUB -o collector_%J.out
#BSUB -q hpcintro
#BSUB -n 1
#BSUB -R "rusage[mem=2048]"
#BSUB -W 1:00
# uncomment the following line, if you want to assure that your job has
# a whole CPU for itself (shared L3 cache)
# #BSUB -R "span[hosts=1] affinity[socket(1)]"
# choose the server to collect
#BSUB -R "select[avx2]"

# needed for the collect tool
module load studio

# fix the permission issues
chmod +x ./matmult_c.gcc

# output cpu info
lscpu

# define the driver name to use
# valid values: matmult_c.studio, matmult_f.studio, matmult_c.gcc or
# matmult_f.gcc
#
EXECUTABLE=matmult_c.gcc

# define the mkn values in the MKN variable
#
MKN="100 200 500"

# define the permutation type in PERM
#
PERM="mnk mkn nmk nkm kmn knm lib"

# uncomment and set a reasonable BLKSIZE for the blk version
#
# BLKSIZE=1

# define the max no. of iterations the driver should use - adjust to
# get a reasonable run time.  You can get an estimate by trying this
# on the command line, i.e. "MFLOPS_MAX_IT=10 ./matmult_...." for the

(... more ...)
------------------------------------------------------------

Successfully completed.

Resource usage summary:

    CPU time :                                   1770.00 sec.
    Max Memory :                                 34 MB
    Average Memory :                             28.59 MB
    Total Requested Memory :                     2048.00 MB
    Delta Memory :                               2014.00 MB
    Max Swap :                                   -
    Max Processes :                              4
    Max Threads :                                5
    Run time :                                   1791 sec.
    Turnaround time :                            1793 sec.

The output (if any) is above this job summary.

